{"total": {"lines":{"total":199,"covered":199,"skipped":0,"pct":100},"statements":{"total":199,"covered":199,"skipped":0,"pct":100},"functions":{"total":8,"covered":8,"skipped":0,"pct":100},"branches":{"total":84,"covered":77,"skipped":0,"pct":91.66},"branchesTrue":{"total":0,"covered":0,"skipped":0,"pct":100}}
,"/Users/peram/code/adaptate/packages/core/src/index.ts": {"lines":{"total":84,"covered":84,"skipped":0,"pct":100},"functions":{"total":3,"covered":3,"skipped":0,"pct":100},"statements":{"total":84,"covered":84,"skipped":0,"pct":100},"branches":{"total":38,"covered":38,"skipped":0,"pct":100}}
,"/Users/peram/code/adaptate/packages/utils/src/load-yaml.ts": {"lines":{"total":14,"covered":14,"skipped":0,"pct":100},"functions":{"total":1,"covered":1,"skipped":0,"pct":100},"statements":{"total":14,"covered":14,"skipped":0,"pct":100},"branches":{"total":1,"covered":1,"skipped":0,"pct":100}}
,"/Users/peram/code/adaptate/packages/utils/src/openapi.ts": {"lines":{"total":101,"covered":101,"skipped":0,"pct":100},"functions":{"total":4,"covered":4,"skipped":0,"pct":100},"statements":{"total":101,"covered":101,"skipped":0,"pct":100},"branches":{"total":45,"covered":38,"skipped":0,"pct":84.44}}
}
